app/build/intermediates/manifest_merge_blame_file/release/manifest-merger-blame-release-report.txt
1<?xml version="1.0" encoding="utf-8"?>
2<manifest xmlns:android="http://schemas.android.com/apk/res/android"
3    package="com.example.aacarinfo"
4    android:versionCode="1"
5    android:versionName="1.0" >
6
7    <uses-sdk
8        android:minSdkVersion="29"
9        android:targetSdkVersion="35" />
10
11    <queries>
11-->[androidx.car.app:app:1.3.0-rc01] AndroidManifest.xml:23:5-28:15
12        <provider
12-->[androidx.car.app:app:1.3.0-rc01] AndroidManifest.xml:24:9-27:43
13            android:name="androidx.car.app.connection.provider"
13-->[androidx.car.app:app:1.3.0-rc01] AndroidManifest.xml:25:13-64
14            android:authorities="androidx.car.app.connection" />
14-->[androidx.car.app:app:1.3.0-rc01] AndroidManifest.xml:26:13-62
15    </queries>
16
17    <permission
17-->[androidx.core:core:1.9.0] AndroidManifest.xml:22:5-24:47
18        android:name="com.example.aacarinfo.DYNAMIC_RECEIVER_NOT_EXPORTED_PERMISSION"
18-->[androidx.core:core:1.9.0] AndroidManifest.xml:23:9-81
19        android:protectionLevel="signature" />
19-->[androidx.core:core:1.9.0] AndroidManifest.xml:24:9-44
20
21    <uses-permission android:name="com.example.aacarinfo.DYNAMIC_RECEIVER_NOT_EXPORTED_PERMISSION" />
21-->[androidx.core:core:1.9.0] AndroidManifest.xml:26:5-97
21-->[androidx.core:core:1.9.0] AndroidManifest.xml:26:22-94
22
23    <application
23-->src/main/AndroidManifest.xml:5:5-28:19
24        android:allowBackup="true"
24-->src/main/AndroidManifest.xml:6:9-35
25        android:appComponentFactory="androidx.core.app.CoreComponentFactory"
25-->[androidx.core:core:1.9.0] AndroidManifest.xml:28:18-86
26        android:dataExtractionRules="@xml/data_extraction_rules"
26-->src/main/AndroidManifest.xml:7:9-65
27        android:extractNativeLibs="false"
28        android:fullBackupContent="@xml/backup_rules"
28-->src/main/AndroidManifest.xml:8:9-54
29        android:icon="@mipmap/ic_launcher"
29-->src/main/AndroidManifest.xml:9:9-43
30        android:label="@string/app_name"
30-->src/main/AndroidManifest.xml:10:9-41
31        android:roundIcon="@mipmap/ic_launcher_round"
31-->src/main/AndroidManifest.xml:11:9-54
32        android:supportsRtl="true"
32-->src/main/AndroidManifest.xml:12:9-35
33        android:theme="@style/Theme.AACarInfo" >
33-->src/main/AndroidManifest.xml:13:9-47
34        <service
34-->src/main/AndroidManifest.xml:16:9-26:19
35            android:name="com.example.aacarinfo.car.app.service.AacarinfoCarAppService"
35-->src/main/AndroidManifest.xml:17:13-88
36            android:exported="true" >
36-->src/main/AndroidManifest.xml:18:13-36
37            <intent-filter>
37-->src/main/AndroidManifest.xml:19:13-22:29
38                <action android:name="androidx.car.app.CarAppService" />
38-->src/main/AndroidManifest.xml:20:17-73
38-->src/main/AndroidManifest.xml:20:25-70
39
40                <category android:name="androidx.car.app.category.IOT" />
40-->src/main/AndroidManifest.xml:21:17-74
40-->src/main/AndroidManifest.xml:21:27-71
41            </intent-filter>
42
43            <meta-data
43-->src/main/AndroidManifest.xml:23:13-25:37
44                android:name="androidx.car.app.minApiVersion"
44-->src/main/AndroidManifest.xml:24:17-62
45                android:value="3" />
45-->src/main/AndroidManifest.xml:25:17-34
46        </service>
47        <service
47-->[androidx.car.app:app-projected:1.3.0-rc01] AndroidManifest.xml:24:9-34:19
48            android:name="androidx.car.app.CarAppMetadataHolderService"
48-->[androidx.car.app:app-projected:1.3.0-rc01] AndroidManifest.xml:25:13-72
49            android:enabled="false"
49-->[androidx.car.app:app-projected:1.3.0-rc01] AndroidManifest.xml:26:13-36
50            android:exported="false"
50-->[androidx.car.app:app-projected:1.3.0-rc01] AndroidManifest.xml:27:13-37
51            android:process="" >
51-->[androidx.car.app:app-projected:1.3.0-rc01] AndroidManifest.xml:28:13-31
52            <meta-data
52-->[androidx.car.app:app-projected:1.3.0-rc01] AndroidManifest.xml:31:13-33:89
53                android:name="androidx.car.app.CarAppMetadataHolderService.CAR_HARDWARE_MANAGER"
53-->[androidx.car.app:app-projected:1.3.0-rc01] AndroidManifest.xml:32:17-97
54                android:value="androidx.car.app.hardware.ProjectedCarHardwareManager" />
54-->[androidx.car.app:app-projected:1.3.0-rc01] AndroidManifest.xml:33:17-86
55        </service>
56
57        <activity
57-->[androidx.car.app:app:1.3.0-rc01] AndroidManifest.xml:31:9-34:75
58            android:name="androidx.car.app.CarAppPermissionActivity"
58-->[androidx.car.app:app:1.3.0-rc01] AndroidManifest.xml:32:13-69
59            android:exported="false"
59-->[androidx.car.app:app:1.3.0-rc01] AndroidManifest.xml:33:13-37
60            android:theme="@android:style/Theme.Translucent.NoTitleBar" />
60-->[androidx.car.app:app:1.3.0-rc01] AndroidManifest.xml:34:13-72
61
62        <receiver
62-->[androidx.car.app:app:1.3.0-rc01] AndroidManifest.xml:36:9-38:40
63            android:name="androidx.car.app.notification.CarAppNotificationBroadcastReceiver"
63-->[androidx.car.app:app:1.3.0-rc01] AndroidManifest.xml:37:13-93
64            android:exported="false" />
64-->[androidx.car.app:app:1.3.0-rc01] AndroidManifest.xml:38:13-37
65
66        <provider
66-->[androidx.emoji2:emoji2:1.3.0] AndroidManifest.xml:24:9-32:20
67            android:name="androidx.startup.InitializationProvider"
67-->[androidx.emoji2:emoji2:1.3.0] AndroidManifest.xml:25:13-67
68            android:authorities="com.example.aacarinfo.androidx-startup"
68-->[androidx.emoji2:emoji2:1.3.0] AndroidManifest.xml:26:13-68
69            android:exported="false" >
69-->[androidx.emoji2:emoji2:1.3.0] AndroidManifest.xml:27:13-37
70            <meta-data
70-->[androidx.emoji2:emoji2:1.3.0] AndroidManifest.xml:29:13-31:52
71                android:name="androidx.emoji2.text.EmojiCompatInitializer"
71-->[androidx.emoji2:emoji2:1.3.0] AndroidManifest.xml:30:17-75
72                android:value="androidx.startup" />
72-->[androidx.emoji2:emoji2:1.3.0] AndroidManifest.xml:31:17-49
73            <meta-data
73-->[androidx.lifecycle:lifecycle-process:2.6.1] AndroidManifest.xml:29:13-31:52
74                android:name="androidx.lifecycle.ProcessLifecycleInitializer"
74-->[androidx.lifecycle:lifecycle-process:2.6.1] AndroidManifest.xml:30:17-78
75                android:value="androidx.startup" />
75-->[androidx.lifecycle:lifecycle-process:2.6.1] AndroidManifest.xml:31:17-49
76            <meta-data
76-->[androidx.profileinstaller:profileinstaller:1.3.0] AndroidManifest.xml:29:13-31:52
77                android:name="androidx.profileinstaller.ProfileInstallerInitializer"
77-->[androidx.profileinstaller:profileinstaller:1.3.0] AndroidManifest.xml:30:17-85
78                android:value="androidx.startup" />
78-->[androidx.profileinstaller:profileinstaller:1.3.0] AndroidManifest.xml:31:17-49
79        </provider>
80
81        <receiver
81-->[androidx.profileinstaller:profileinstaller:1.3.0] AndroidManifest.xml:34:9-52:20
82            android:name="androidx.profileinstaller.ProfileInstallReceiver"
82-->[androidx.profileinstaller:profileinstaller:1.3.0] AndroidManifest.xml:35:13-76
83            android:directBootAware="false"
83-->[androidx.profileinstaller:profileinstaller:1.3.0] AndroidManifest.xml:36:13-44
84            android:enabled="true"
84-->[androidx.profileinstaller:profileinstaller:1.3.0] AndroidManifest.xml:37:13-35
85            android:exported="true"
85-->[androidx.profileinstaller:profileinstaller:1.3.0] AndroidManifest.xml:38:13-36
86            android:permission="android.permission.DUMP" >
86-->[androidx.profileinstaller:profileinstaller:1.3.0] AndroidManifest.xml:39:13-57
87            <intent-filter>
87-->[androidx.profileinstaller:profileinstaller:1.3.0] AndroidManifest.xml:40:13-42:29
88                <action android:name="androidx.profileinstaller.action.INSTALL_PROFILE" />
88-->[androidx.profileinstaller:profileinstaller:1.3.0] AndroidManifest.xml:41:17-91
88-->[androidx.profileinstaller:profileinstaller:1.3.0] AndroidManifest.xml:41:25-88
89            </intent-filter>
90            <intent-filter>
90-->[androidx.profileinstaller:profileinstaller:1.3.0] AndroidManifest.xml:43:13-45:29
91                <action android:name="androidx.profileinstaller.action.SKIP_FILE" />
91-->[androidx.profileinstaller:profileinstaller:1.3.0] AndroidManifest.xml:44:17-85
91-->[androidx.profileinstaller:profileinstaller:1.3.0] AndroidManifest.xml:44:25-82
92            </intent-filter>
93            <intent-filter>
93-->[androidx.profileinstaller:profileinstaller:1.3.0] AndroidManifest.xml:46:13-48:29
94                <action android:name="androidx.profileinstaller.action.SAVE_PROFILE" />
94-->[androidx.profileinstaller:profileinstaller:1.3.0] AndroidManifest.xml:47:17-88
94-->[androidx.profileinstaller:profileinstaller:1.3.0] AndroidManifest.xml:47:25-85
95            </intent-filter>
96            <intent-filter>
96-->[androidx.profileinstaller:profileinstaller:1.3.0] AndroidManifest.xml:49:13-51:29
97                <action android:name="androidx.profileinstaller.action.BENCHMARK_OPERATION" />
97-->[androidx.profileinstaller:profileinstaller:1.3.0] AndroidManifest.xml:50:17-95
97-->[androidx.profileinstaller:profileinstaller:1.3.0] AndroidManifest.xml:50:25-92
98            </intent-filter>
99        </receiver>
100    </application>
101
102</manifest>